2024-12-04 14:12:53,601 p=31 u=root n=ansible INFO| PLAY [Prepare the OS using Ansible] *****************************************************************************************************
2024-12-04 14:12:53,609 p=31 u=root n=ansible INFO| TASK [Gathering Facts] ******************************************************************************************************************
2024-12-04 14:13:12,979 p=31 u=root n=ansible INFO| ok: [srv_ubuntu_24_04]
2024-12-04 14:13:12,983 p=31 u=root n=ansible INFO| TASK [net_mgmt : rename the active network interface to net0] ***************************************************************************
2024-12-04 14:13:18,572 p=31 u=root n=ansible INFO| changed: [srv_ubuntu_24_04]
2024-12-04 14:13:18,579 p=31 u=root n=ansible INFO| TASK [net_mgmt : apply netplan changes] *************************************************************************************************
2024-12-04 14:13:34,896 p=31 u=root n=ansible INFO| ok: [srv_ubuntu_24_04]
2024-12-04 14:13:34,906 p=31 u=root n=ansible INFO| TASK [net_mgmt : show the result of applying netplan] ***********************************************************************************
2024-12-04 14:13:34,922 p=31 u=root n=ansible INFO| ok: [srv_ubuntu_24_04] => {
    "msg": [
        "Changed : True",
        "Command : ['netplan', 'apply']"
    ]
}
2024-12-04 14:13:34,927 p=31 u=root n=ansible INFO| TASK [net_mgmt : show ip link] **********************************************************************************************************
2024-12-04 14:13:40,576 p=31 u=root n=ansible INFO| ok: [srv_ubuntu_24_04]
2024-12-04 14:13:40,583 p=31 u=root n=ansible INFO| TASK [net_mgmt : ip link output] ********************************************************************************************************
2024-12-04 14:13:40,602 p=31 u=root n=ansible INFO| ok: [srv_ubuntu_24_04] => {
    "msg": [
        "1: lo: <LOOPBACK,UP,LOWER_UP> mtu 65536 qdisc noqueue state UNKNOWN mode DEFAULT group default qlen 1000",
        "    link/loopback 00:00:00:00:00:00 brd 00:00:00:00:00:00",
        "2: net0: <BROADCAST,MULTICAST,UP,LOWER_UP> mtu 9001 qdisc fq_codel state UP mode DEFAULT group default qlen 1000",
        "    link/ether 02:9e:54:7c:2d:33 brd ff:ff:ff:ff:ff:ff"
    ]
}
2024-12-04 14:13:40,610 p=31 u=root n=ansible INFO| TASK [disk_mgmt : Check cryptsetup status] **********************************************************************************************
2024-12-04 14:13:46,171 p=31 u=root n=ansible INFO| ok: [srv_ubuntu_24_04]
2024-12-04 14:13:46,176 p=31 u=root n=ansible INFO| TASK [disk_mgmt : Generate a random keyfile] ********************************************************************************************
2024-12-04 14:13:51,931 p=31 u=root n=ansible INFO| changed: [srv_ubuntu_24_04]
2024-12-04 14:13:51,939 p=31 u=root n=ansible INFO| TASK [disk_mgmt : Create LUKS partition using the keyfile] ******************************************************************************
2024-12-04 14:14:09,855 p=31 u=root n=ansible INFO| changed: [srv_ubuntu_24_04]
2024-12-04 14:14:09,863 p=31 u=root n=ansible INFO| TASK [disk_mgmt : Open the LUKS partition] **********************************************************************************************
2024-12-04 14:14:19,218 p=31 u=root n=ansible INFO| changed: [srv_ubuntu_24_04]
2024-12-04 14:14:19,226 p=31 u=root n=ansible INFO| TASK [disk_mgmt : Create a filesystem] **************************************************************************************************
2024-12-04 14:14:26,653 p=31 u=root n=ansible INFO| changed: [srv_ubuntu_24_04]
2024-12-04 14:14:26,661 p=31 u=root n=ansible INFO| TASK [disk_mgmt : Ensure the keyfile is securely stored] ********************************************************************************
2024-12-04 14:14:32,411 p=31 u=root n=ansible INFO| changed: [srv_ubuntu_24_04]
2024-12-04 14:14:32,415 p=31 u=root n=ansible INFO| TASK [disk_mgmt : Mount encrypted disk] *************************************************************************************************
2024-12-04 14:14:38,170 p=31 u=root n=ansible INFO| changed: [srv_ubuntu_24_04]
2024-12-04 14:14:38,173 p=31 u=root n=ansible INFO| TASK [disk_mgmt : lsblk -f results] *****************************************************************************************************
2024-12-04 14:14:44,819 p=31 u=root n=ansible INFO| ok: [srv_ubuntu_24_04]
2024-12-04 14:14:44,826 p=31 u=root n=ansible INFO| TASK [disk_mgmt : show lsblk -f results] ************************************************************************************************
2024-12-04 14:14:44,843 p=31 u=root n=ansible INFO| ok: [srv_ubuntu_24_04] => {
    "msg": [
        "NAME             FSTYPE      FSVER LABEL           UUID                                 FSAVAIL FSUSE% MOUNTPOINTS",
        "loop0            squashfs    4.0                                                              0   100% /snap/amazon-ssm-agent/9881",
        "loop1            squashfs    4.0                                                              0   100% /snap/core22/1663",
        "loop2            squashfs    4.0                                                              0   100% /snap/snapd/21759",
        "loop3            squashfs    4.0                                                              0   100% /snap/snapd/23258",
        "loop4                                                                                         0   100% /snap/core22/1722",
        "xvda                                                                                                   ",
        "├─xvda1          ext4        1.0   cloudimg-rootfs bfe15554-f93e-4a44-847b-29cd914e01ab    4.5G    33% /",
        "├─xvda14                                                                                               ",
        "├─xvda15         vfat        FAT32 UEFI            0DD3-9DEC                              98.2M     6% /boot/efi",
        "└─xvda16         ext4        1.0   BOOT            d726071f-b770-48f2-8f6f-3016a0245f0f  686.7M    15% /boot",
        "xvdf             crypto_LUKS 2                     61bf1e59-b70a-4680-9020-769c7c855b7e                ",
        "└─encrypted_disk ext4        1.0                   d13e4092-aff4-4b26-a720-7d7e72420608    4.6G     0% /mnt/encrypted_disk"
    ]
}
2024-12-04 14:14:44,850 p=31 u=root n=ansible INFO| TASK [cpu_mgmt : Get the number of processors] ******************************************************************************************
2024-12-04 14:14:50,572 p=31 u=root n=ansible INFO| ok: [srv_ubuntu_24_04]
2024-12-04 14:14:50,583 p=31 u=root n=ansible INFO| TASK [cpu_mgmt : Disable C-state for all CPUs] ******************************************************************************************
2024-12-04 14:14:56,176 p=31 u=root n=ansible INFO| ok: [srv_ubuntu_24_04] => (item=0)
2024-12-04 14:14:56,185 p=31 u=root n=ansible INFO| TASK [cpu_mgmt : Switch CPUs to performance] ********************************************************************************************
2024-12-04 14:15:02,587 p=31 u=root n=ansible INFO| ok: [srv_ubuntu_24_04] => (item=0)
2024-12-04 14:15:02,599 p=31 u=root n=ansible INFO| TASK [Gather CPUs] **********************************************************************************************************************
2024-12-04 14:15:08,194 p=31 u=root n=ansible INFO| ok: [srv_ubuntu_24_04]
2024-12-04 14:15:08,199 p=31 u=root n=ansible INFO| TASK [More specific list of CPUs and HT/SMT info] ***************************************************************************************
2024-12-04 14:15:08,212 p=31 u=root n=ansible INFO| ok: [srv_ubuntu_24_04] => {
    "msg": [
        " CPU(s):                               1",
        " Model name:                           Intel(R) Xeon(R) CPU E5-2686 v4 @ 2.30GHz",
        " Thread(s) per core:                   1",
        " Core(s) per socket:                   1"
    ]
}
2024-12-04 14:15:08,213 p=31 u=root n=ansible INFO| PLAY RECAP ******************************************************************************************************************************
2024-12-04 14:15:08,213 p=31 u=root n=ansible INFO| srv_ubuntu_24_04           : ok=20   changed=7    unreachable=0    failed=0    skipped=0    rescued=0    ignored=0   
